\BOOKMARK [0][-]{section*.2}{Declaration}{}% 1
\BOOKMARK [0][-]{section*.4}{Abstract}{}% 2
\BOOKMARK [0][-]{section*.6}{Contents}{}% 3
\BOOKMARK [0][-]{section*.8}{List of Figures}{}% 4
\BOOKMARK [0][-]{section*.10}{List of Tables}{}% 5
\BOOKMARK [0][-]{section*.11}{List of abbreviations}{}% 6
\BOOKMARK [0][-]{chapter.1}{Introduction}{}% 7
\BOOKMARK [1][-]{section.1.1}{Introduction}{chapter.1}% 8
\BOOKMARK [1][-]{section.1.2}{Problem Statement}{chapter.1}% 9
\BOOKMARK [1][-]{section.1.3}{Research Objectives}{chapter.1}% 10
\BOOKMARK [1][-]{section.1.4}{Importance of the Study}{chapter.1}% 11
\BOOKMARK [1][-]{section.1.5}{Research Design and Methodology}{chapter.1}% 12
\BOOKMARK [2][-]{subsection.1.5.1}{Neural Networks}{section.1.5}% 13
\BOOKMARK [2][-]{subsection.1.5.2}{Approximating the Calibration Function, C}{section.1.5}% 14
\BOOKMARK [0][-]{chapter.2}{Literature Review}{}% 15
\BOOKMARK [1][-]{section.2.1}{Calibration of Stochastic Processes}{chapter.2}% 16
\BOOKMARK [1][-]{section.2.2}{Neural Networks in Modelling and Model Calibration}{chapter.2}% 17
\BOOKMARK [0][-]{chapter.3}{Methodology}{}% 18
\BOOKMARK [1][-]{section.3.1}{Artificial Neurons}{chapter.3}% 19
\BOOKMARK [2][-]{subsection.3.1.1}{Activation Functions}{section.3.1}% 20
\BOOKMARK [1][-]{section.3.2}{Convolutional Layer}{chapter.3}% 21
\BOOKMARK [2][-]{subsection.3.2.1}{Pooling}{section.3.2}% 22
\BOOKMARK [1][-]{section.3.3}{Training Artificial Neural Networks}{chapter.3}% 23
\BOOKMARK [2][-]{subsection.3.3.1}{Backpropagation}{section.3.3}% 24
\BOOKMARK [1][-]{section.3.4}{Performance Measurement}{chapter.3}% 25
\BOOKMARK [2][-]{subsection.3.4.1}{Coefficient of Determination}{section.3.4}% 26
\BOOKMARK [2][-]{subsection.3.4.2}{Average Absolute Percentage Error}{section.3.4}% 27
\BOOKMARK [2][-]{subsection.3.4.3}{Mean Squared Error}{section.3.4}% 28
\BOOKMARK [0][-]{chapter.4}{Simulation Study}{}% 29
\BOOKMARK [1][-]{section.4.1}{The Merton Jump Diffusion Stochastic Process}{chapter.4}% 30
\BOOKMARK [2][-]{subsection.4.1.1}{Simulation}{section.4.1}% 31
\BOOKMARK [1][-]{section.4.2}{Fully Connected Neural Network}{chapter.4}% 32
\BOOKMARK [2][-]{subsection.4.2.1}{Multiple Parameter Prediction Architecture}{section.4.2}% 33
\BOOKMARK [2][-]{subsection.4.2.2}{The Dataset}{section.4.2}% 34
\BOOKMARK [2][-]{subsection.4.2.3}{Training}{section.4.2}% 35
\BOOKMARK [1][-]{section.4.3}{Convolutional Neural Network}{chapter.4}% 36
\BOOKMARK [2][-]{subsection.4.3.1}{Multiple Parameter Prediction Architecture}{section.4.3}% 37
\BOOKMARK [2][-]{subsection.4.3.2}{Dedicated Single Parameter Prediction Architecture}{section.4.3}% 38
\BOOKMARK [1][-]{section.4.4}{Sensitivity Tests}{chapter.4}% 39
\BOOKMARK [1][-]{section.4.5}{Conclusion}{chapter.4}% 40
\BOOKMARK [0][-]{chapter.5}{Results}{}% 41
\BOOKMARK [0][-]{chapter.6}{Conclusion and Further Research}{}% 42
\BOOKMARK [1][-]{section.6.1}{Practical Considerations}{chapter.6}% 43
\BOOKMARK [0][-]{section*.74}{Bibliography}{}% 44
\BOOKMARK [0][-]{appendix.A}{Appendix A}{}% 45
\BOOKMARK [0][-]{appendix.B}{Appendix B}{}% 46
\BOOKMARK [1][-]{section.B.1}{Neural Network Models}{appendix.B}% 47
\BOOKMARK [1][-]{section.B.2}{Merton Jump Diffusion Stochastic Process Simulation}{appendix.B}% 48
